-------------------------------------------------------------------------------
Test set: Scenario: Verify address in the workflow and proceed
-------------------------------------------------------------------------------
Tests run: 51, Failures: 9, Errors: 2, Skipped: 10, Time elapsed: 335.395 sec <<< FAILURE! - in Scenario: Verify address in the workflow and proceed
Scenario: Verify order confirmation page and order successful  Time elapsed: 0 sec  <<< FAILURE!
java.lang.AssertionError: expected:<ADDRESSES> but was:<AUTHENTICATION>
	at org.testng.AssertJUnit.assertEquals(AssertJUnit.java:101)
	at org.testng.AssertJUnit.assertEquals(AssertJUnit.java:108)
	at modules.VerifyAddressProceed.Execute(VerifyAddressProceed.java:11)
	at step_definitions.AddressSteps.i_verify_address_and_proceed(AddressSteps.java:29)
	at ?.And I verify address and proceed(features/OrderConfirmation.feature:7)

And I verify address and proceed(Scenario: Verify order Summary page and proceed)  Time elapsed: 0 sec  <<< FAILURE!
java.lang.AssertionError: expected:<ADDRESSES> but was:<AUTHENTICATION>
	at org.testng.AssertJUnit.assertEquals(AssertJUnit.java:101)
	at org.testng.AssertJUnit.assertEquals(AssertJUnit.java:108)
	at modules.VerifyAddressProceed.Execute(VerifyAddressProceed.java:11)
	at step_definitions.AddressSteps.i_verify_address_and_proceed(AddressSteps.java:29)
	at ?.And I verify address and proceed(features/OrderSummary.feature:7)

Scenario: Verify order Summary page and proceed  Time elapsed: 0.001 sec  <<< FAILURE!
java.lang.AssertionError: expected:<ADDRESSES> but was:<AUTHENTICATION>
	at org.testng.AssertJUnit.assertEquals(AssertJUnit.java:101)
	at org.testng.AssertJUnit.assertEquals(AssertJUnit.java:108)
	at modules.VerifyAddressProceed.Execute(VerifyAddressProceed.java:11)
	at step_definitions.AddressSteps.i_verify_address_and_proceed(AddressSteps.java:29)
	at ?.And I verify address and proceed(features/OrderSummary.feature:7)

And I verify address and proceed(Scenario: Verify payment page and proceed)  Time elapsed: 0.001 sec  <<< FAILURE!
java.lang.AssertionError: expected:<ADDRESSES> but was:<AUTHENTICATION>
	at org.testng.AssertJUnit.assertEquals(AssertJUnit.java:101)
	at org.testng.AssertJUnit.assertEquals(AssertJUnit.java:108)
	at modules.VerifyAddressProceed.Execute(VerifyAddressProceed.java:11)
	at step_definitions.AddressSteps.i_verify_address_and_proceed(AddressSteps.java:29)
	at ?.And I verify address and proceed(features/Payment.feature:7)

Scenario: Verify payment page and proceed  Time elapsed: 0.001 sec  <<< FAILURE!
java.lang.AssertionError: expected:<ADDRESSES> but was:<AUTHENTICATION>
	at org.testng.AssertJUnit.assertEquals(AssertJUnit.java:101)
	at org.testng.AssertJUnit.assertEquals(AssertJUnit.java:108)
	at modules.VerifyAddressProceed.Execute(VerifyAddressProceed.java:11)
	at step_definitions.AddressSteps.i_verify_address_and_proceed(AddressSteps.java:29)
	at ?.And I verify address and proceed(features/Payment.feature:7)

And I verify address and proceed(Scenario: Verify shipping and proceed)  Time elapsed: 0 sec  <<< FAILURE!
java.lang.AssertionError: expected:<ADDRESSES> but was:<AUTHENTICATION>
	at org.testng.AssertJUnit.assertEquals(AssertJUnit.java:101)
	at org.testng.AssertJUnit.assertEquals(AssertJUnit.java:108)
	at modules.VerifyAddressProceed.Execute(VerifyAddressProceed.java:11)
	at step_definitions.AddressSteps.i_verify_address_and_proceed(AddressSteps.java:29)
	at ?.And I verify address and proceed(features/Shipping.feature:7)

Scenario: Verify shipping and proceed  Time elapsed: 0.001 sec  <<< FAILURE!
java.lang.AssertionError: expected:<ADDRESSES> but was:<AUTHENTICATION>
	at org.testng.AssertJUnit.assertEquals(AssertJUnit.java:101)
	at org.testng.AssertJUnit.assertEquals(AssertJUnit.java:108)
	at modules.VerifyAddressProceed.Execute(VerifyAddressProceed.java:11)
	at step_definitions.AddressSteps.i_verify_address_and_proceed(AddressSteps.java:29)
	at ?.And I verify address and proceed(features/Shipping.feature:7)

Then I sign out(Scenario: Sign im and sign out)  Time elapsed: 0.001 sec  <<< ERROR!
org.openqa.selenium.NoSuchElementException: no such element: Unable to locate element: {"method":"link text","selector":"Sign out"}
  (Session info: chrome=51.0.2704.103)
  (Driver info: chromedriver=2.22.397933 (1cab651507b88dec79b2b2a22d1943c01833cc1b),platform=Windows NT 6.1.7601 SP1 x86_64) (WARNING: The server did not provide any stacktrace information)
Command duration or timeout: 229 milliseconds
For documentation on this error, please visit: http://seleniumhq.org/exceptions/no_such_element.html
Build info: version: '2.44.0', revision: '76d78cf323ce037c5f92db6c1bba601c2ac43ad8', time: '2014-10-23 13:11:40'
System info: host: 'YahyaM-HP', ip: '192.168.148.59', os.name: 'Windows 7', os.arch: 'amd64', os.version: '6.1', java.version: '1.8.0_65'
Driver info: org.openqa.selenium.chrome.ChromeDriver
Capabilities [{applicationCacheEnabled=false, rotatable=false, mobileEmulationEnabled=false, chrome={chromedriverVersion=2.22.397933 (1cab651507b88dec79b2b2a22d1943c01833cc1b), userDataDir=C:\Users\AHIYA~1.MOH\AppData\Local\Temp\scoped_dir7196_11541}, takesHeapSnapshot=true, databaseEnabled=false, handlesAlerts=true, hasTouchScreen=false, version=51.0.2704.103, platform=XP, browserConnectionEnabled=false, nativeEvents=true, acceptSslCerts=true, locationContextEnabled=true, webStorageEnabled=true, browserName=chrome, takesScreenshot=true, javascriptEnabled=true, cssSelectorsEnabled=true}]
Session ID: 2abc0fd8146fa3af332cfe5597842a94
	at sun.reflect.NativeConstructorAccessorImpl.newInstance0(Native Method)
	at sun.reflect.NativeConstructorAccessorImpl.newInstance(NativeConstructorAccessorImpl.java:62)
	at sun.reflect.DelegatingConstructorAccessorImpl.newInstance(DelegatingConstructorAccessorImpl.java:45)
	at java.lang.reflect.Constructor.newInstance(Constructor.java:422)
	at org.openqa.selenium.remote.ErrorHandler.createThrowable(ErrorHandler.java:204)
	at org.openqa.selenium.remote.ErrorHandler.throwIfResponseFailed(ErrorHandler.java:156)
	at org.openqa.selenium.remote.RemoteWebDriver.execute(RemoteWebDriver.java:599)
	at org.openqa.selenium.remote.RemoteWebDriver.findElement(RemoteWebDriver.java:352)
	at org.openqa.selenium.remote.RemoteWebDriver.findElementByLinkText(RemoteWebDriver.java:401)
	at org.openqa.selenium.By$ByLinkText.findElement(By.java:242)
	at org.openqa.selenium.remote.RemoteWebDriver.findElement(RemoteWebDriver.java:344)
	at org.openqa.selenium.support.pagefactory.DefaultElementLocator.findElement(DefaultElementLocator.java:59)
	at org.openqa.selenium.support.pagefactory.internal.LocatingElementHandler.invoke(LocatingElementHandler.java:37)
	at com.sun.proxy.$Proxy13.click(Unknown Source)
	at modules.SignoutAction.Execute(SignoutAction.java:10)
	at step_definitions.SigninSignoutContactUsSteps.i_sign_out(SigninSignoutContactUsSteps.java:53)
	at ?.Then I sign out(features/SigninSignoutContactUs.feature:6)

Scenario: Sign im and sign out  Time elapsed: 0.003 sec  <<< ERROR!
org.openqa.selenium.NoSuchElementException: no such element: Unable to locate element: {"method":"link text","selector":"Sign out"}
  (Session info: chrome=51.0.2704.103)
  (Driver info: chromedriver=2.22.397933 (1cab651507b88dec79b2b2a22d1943c01833cc1b),platform=Windows NT 6.1.7601 SP1 x86_64) (WARNING: The server did not provide any stacktrace information)
Command duration or timeout: 229 milliseconds
For documentation on this error, please visit: http://seleniumhq.org/exceptions/no_such_element.html
Build info: version: '2.44.0', revision: '76d78cf323ce037c5f92db6c1bba601c2ac43ad8', time: '2014-10-23 13:11:40'
System info: host: 'YahyaM-HP', ip: '192.168.148.59', os.name: 'Windows 7', os.arch: 'amd64', os.version: '6.1', java.version: '1.8.0_65'
Driver info: org.openqa.selenium.chrome.ChromeDriver
Capabilities [{applicationCacheEnabled=false, rotatable=false, mobileEmulationEnabled=false, chrome={chromedriverVersion=2.22.397933 (1cab651507b88dec79b2b2a22d1943c01833cc1b), userDataDir=C:\Users\AHIYA~1.MOH\AppData\Local\Temp\scoped_dir7196_11541}, takesHeapSnapshot=true, databaseEnabled=false, handlesAlerts=true, hasTouchScreen=false, version=51.0.2704.103, platform=XP, browserConnectionEnabled=false, nativeEvents=true, acceptSslCerts=true, locationContextEnabled=true, webStorageEnabled=true, browserName=chrome, takesScreenshot=true, javascriptEnabled=true, cssSelectorsEnabled=true}]
Session ID: 2abc0fd8146fa3af332cfe5597842a94
	at sun.reflect.NativeConstructorAccessorImpl.newInstance0(Native Method)
	at sun.reflect.NativeConstructorAccessorImpl.newInstance(NativeConstructorAccessorImpl.java:62)
	at sun.reflect.DelegatingConstructorAccessorImpl.newInstance(DelegatingConstructorAccessorImpl.java:45)
	at java.lang.reflect.Constructor.newInstance(Constructor.java:422)
	at org.openqa.selenium.remote.ErrorHandler.createThrowable(ErrorHandler.java:204)
	at org.openqa.selenium.remote.ErrorHandler.throwIfResponseFailed(ErrorHandler.java:156)
	at org.openqa.selenium.remote.RemoteWebDriver.execute(RemoteWebDriver.java:599)
	at org.openqa.selenium.remote.RemoteWebDriver.findElement(RemoteWebDriver.java:352)
	at org.openqa.selenium.remote.RemoteWebDriver.findElementByLinkText(RemoteWebDriver.java:401)
	at org.openqa.selenium.By$ByLinkText.findElement(By.java:242)
	at org.openqa.selenium.remote.RemoteWebDriver.findElement(RemoteWebDriver.java:344)
	at org.openqa.selenium.support.pagefactory.DefaultElementLocator.findElement(DefaultElementLocator.java:59)
	at org.openqa.selenium.support.pagefactory.internal.LocatingElementHandler.invoke(LocatingElementHandler.java:37)
	at com.sun.proxy.$Proxy13.click(Unknown Source)
	at modules.SignoutAction.Execute(SignoutAction.java:10)
	at step_definitions.SigninSignoutContactUsSteps.i_sign_out(SigninSignoutContactUsSteps.java:53)
	at ?.Then I sign out(features/SigninSignoutContactUs.feature:6)

Then I verify address and proceed(Scenario: Verify address in the workflow and proceed)  Time elapsed: 0.001 sec  <<< FAILURE!
java.lang.AssertionError: expected:<ADDRESSES> but was:<AUTHENTICATION>
	at org.testng.AssertJUnit.assertEquals(AssertJUnit.java:101)
	at org.testng.AssertJUnit.assertEquals(AssertJUnit.java:108)
	at modules.VerifyAddressProceed.Execute(VerifyAddressProceed.java:11)
	at step_definitions.AddressSteps.i_verify_address_and_proceed(AddressSteps.java:29)
	at ?.Then I verify address and proceed(features/VerifyAddress.feature:7)

Scenario: Verify address in the workflow and proceed  Time elapsed: 0.002 sec  <<< FAILURE!
java.lang.AssertionError: expected:<ADDRESSES> but was:<AUTHENTICATION>
	at org.testng.AssertJUnit.assertEquals(AssertJUnit.java:101)
	at org.testng.AssertJUnit.assertEquals(AssertJUnit.java:108)
	at modules.VerifyAddressProceed.Execute(VerifyAddressProceed.java:11)
	at step_definitions.AddressSteps.i_verify_address_and_proceed(AddressSteps.java:29)
	at ?.Then I verify address and proceed(features/VerifyAddress.feature:7)

